<?xml version="1.0" encoding="UTF-8"?>
<!-- Generated by org.testng.reporters.JUnitReportReporter -->
<testsuite hostname="LAPTOP-LKAJDKJH" failures="1" tests="3" name="cucumberOptions.TestNGRunner" time="61.311" errors="0" timestamp="2025-08-17T12:33:54 IST" skipped="0">
  <testcase classname="cucumberOptions.TestNGRunner" name="runScenario" time="21.459">
    <failure message="expected [No data] but found [Beetroot]" type="java.lang.AssertionError">
      <![CDATA[java.lang.AssertionError: expected [No data] but found [Beetroot]
at org.testng.Assert.fail(Assert.java:111)
at org.testng.Assert.failNotEquals(Assert.java:1590)
at org.testng.Assert.assertEqualsImpl(Assert.java:150)
at org.testng.Assert.assertEquals(Assert.java:132)
at org.testng.Assert.assertEquals(Assert.java:656)
at org.testng.Assert.assertEquals(Assert.java:666)
at stepDefinitions.OffersPageProductName.validate_that_the_product_name_matches_with_greencart_page_and_offers_page(OffersPageProductName.java:40)
at ✽.validate that the product name matches with greencart page and offers page(file:///C:/Users/HP/eclipse-workspace/NewAutomationJunit/src/test/java/features/SearchProduct.feature:7)
]]>
    </failure>
  </testcase> <!-- runScenario -->
  <testcase classname="cucumberOptions.TestNGRunner" name="runScenario" time="19.041"/>
  <testcase classname="cucumberOptions.TestNGRunner" name="runScenario" time="20.811"/>
</testsuite> <!-- cucumberOptions.TestNGRunner -->
